cl : Command line warning D9035: option 'Gm' has been deprecated and will be removed in a future release
  voicechat.cpp
h:\ricky\unreal projects\3_steam_multiplayer\encrypted\sdk\steamworksexample\stdafx.h : warning C4819: The file contains a character that cannot be represented in the current code page (932). Save the file in Unicode format to prevent data loss
h:\ricky\unreal projects\3_steam_multiplayer\encrypted\sdk\public\steam\steamclientpublic.h : warning C4819: The file contains a character that cannot be represented in the current code page (932). Save the file in Unicode format to prevent data loss
h:\ricky\unreal projects\3_steam_multiplayer\encrypted\sdk\public\steam\steamuniverse.h : warning C4819: The file contains a character that cannot be represented in the current code page (932). Save the file in Unicode format to prevent data loss
h:\ricky\unreal projects\3_steam_multiplayer\encrypted\sdk\public\steam\isteamutils.h : warning C4819: The file contains a character that cannot be represented in the current code page (932). Save the file in Unicode format to prevent data loss
h:\ricky\unreal projects\3_steam_multiplayer\encrypted\sdk\public\steam\matchmakingtypes.h : warning C4819: The file contains a character that cannot be represented in the current code page (932). Save the file in Unicode format to prevent data loss
h:\ricky\unreal projects\3_steam_multiplayer\encrypted\sdk\public\steam\isteamuserstats.h : warning C4819: The file contains a character that cannot be represented in the current code page (932). Save the file in Unicode format to prevent data loss
h:\ricky\unreal projects\3_steam_multiplayer\encrypted\sdk\public\steam\isteamremotestorage.h : warning C4819: The file contains a character that cannot be represented in the current code page (932). Save the file in Unicode format to prevent data loss
h:\ricky\unreal projects\3_steam_multiplayer\encrypted\sdk\public\steam\isteamscreenshots.h : warning C4819: The file contains a character that cannot be represented in the current code page (932). Save the file in Unicode format to prevent data loss
h:\ricky\unreal projects\3_steam_multiplayer\encrypted\sdk\public\steam\isteamparentalsettings.h : warning C4819: The file contains a character that cannot be represented in the current code page (932). Save the file in Unicode format to prevent data loss
h:\ricky\unreal projects\3_steam_multiplayer\encrypted\sdk\steamworksexample\gameengine.h : warning C4819: The file contains a character that cannot be represented in the current code page (932). Save the file in Unicode format to prevent data loss
  stdafx.cpp
h:\ricky\unreal projects\3_steam_multiplayer\encrypted\sdk\steamworksexample\stdafx.h : warning C4819: The file contains a character that cannot be represented in the current code page (932). Save the file in Unicode format to prevent data loss
h:\ricky\unreal projects\3_steam_multiplayer\encrypted\sdk\public\steam\steamclientpublic.h : warning C4819: The file contains a character that cannot be represented in the current code page (932). Save the file in Unicode format to prevent data loss
h:\ricky\unreal projects\3_steam_multiplayer\encrypted\sdk\public\steam\steamuniverse.h : warning C4819: The file contains a character that cannot be represented in the current code page (932). Save the file in Unicode format to prevent data loss
h:\ricky\unreal projects\3_steam_multiplayer\encrypted\sdk\public\steam\isteamutils.h : warning C4819: The file contains a character that cannot be represented in the current code page (932). Save the file in Unicode format to prevent data loss
h:\ricky\unreal projects\3_steam_multiplayer\encrypted\sdk\public\steam\matchmakingtypes.h : warning C4819: The file contains a character that cannot be represented in the current code page (932). Save the file in Unicode format to prevent data loss
h:\ricky\unreal projects\3_steam_multiplayer\encrypted\sdk\public\steam\isteamuserstats.h : warning C4819: The file contains a character that cannot be represented in the current code page (932). Save the file in Unicode format to prevent data loss
h:\ricky\unreal projects\3_steam_multiplayer\encrypted\sdk\public\steam\isteamremotestorage.h : warning C4819: The file contains a character that cannot be represented in the current code page (932). Save the file in Unicode format to prevent data loss
h:\ricky\unreal projects\3_steam_multiplayer\encrypted\sdk\public\steam\isteamscreenshots.h : warning C4819: The file contains a character that cannot be represented in the current code page (932). Save the file in Unicode format to prevent data loss
h:\ricky\unreal projects\3_steam_multiplayer\encrypted\sdk\public\steam\isteamparentalsettings.h : warning C4819: The file contains a character that cannot be represented in the current code page (932). Save the file in Unicode format to prevent data loss
  p2pauth.cpp
h:\ricky\unreal projects\3_steam_multiplayer\encrypted\sdk\steamworksexample\stdafx.h : warning C4819: The file contains a character that cannot be represented in the current code page (932). Save the file in Unicode format to prevent data loss
h:\ricky\unreal projects\3_steam_multiplayer\encrypted\sdk\public\steam\steamclientpublic.h : warning C4819: The file contains a character that cannot be represented in the current code page (932). Save the file in Unicode format to prevent data loss
h:\ricky\unreal projects\3_steam_multiplayer\encrypted\sdk\public\steam\steamuniverse.h : warning C4819: The file contains a character that cannot be represented in the current code page (932). Save the file in Unicode format to prevent data loss
h:\ricky\unreal projects\3_steam_multiplayer\encrypted\sdk\public\steam\isteamutils.h : warning C4819: The file contains a character that cannot be represented in the current code page (932). Save the file in Unicode format to prevent data loss
h:\ricky\unreal projects\3_steam_multiplayer\encrypted\sdk\public\steam\matchmakingtypes.h : warning C4819: The file contains a character that cannot be represented in the current code page (932). Save the file in Unicode format to prevent data loss
h:\ricky\unreal projects\3_steam_multiplayer\encrypted\sdk\public\steam\isteamuserstats.h : warning C4819: The file contains a character that cannot be represented in the current code page (932). Save the file in Unicode format to prevent data loss
h:\ricky\unreal projects\3_steam_multiplayer\encrypted\sdk\public\steam\isteamremotestorage.h : warning C4819: The file contains a character that cannot be represented in the current code page (932). Save the file in Unicode format to prevent data loss
h:\ricky\unreal projects\3_steam_multiplayer\encrypted\sdk\public\steam\isteamscreenshots.h : warning C4819: The file contains a character that cannot be represented in the current code page (932). Save the file in Unicode format to prevent data loss
h:\ricky\unreal projects\3_steam_multiplayer\encrypted\sdk\public\steam\isteamparentalsettings.h : warning C4819: The file contains a character that cannot be represented in the current code page (932). Save the file in Unicode format to prevent data loss
h:\ricky\unreal projects\3_steam_multiplayer\encrypted\sdk\steamworksexample\spacewarclient.h : warning C4819: The file contains a character that cannot be represented in the current code page (932). Save the file in Unicode format to prevent data loss
h:\ricky\unreal projects\3_steam_multiplayer\encrypted\sdk\steamworksexample\gameengine.h : warning C4819: The file contains a character that cannot be represented in the current code page (932). Save the file in Unicode format to prevent data loss
h:\ricky\unreal projects\3_steam_multiplayer\encrypted\sdk\steamworksexample\starfield.h : warning C4819: The file contains a character that cannot be represented in the current code page (932). Save the file in Unicode format to prevent data loss
  musicplayer.cpp
h:\ricky\unreal projects\3_steam_multiplayer\encrypted\sdk\steamworksexample\musicplayer.cpp : warning C4819: The file contains a character that cannot be represented in the current code page (932). Save the file in Unicode format to prevent data loss
h:\ricky\unreal projects\3_steam_multiplayer\encrypted\sdk\steamworksexample\stdafx.h : warning C4819: The file contains a character that cannot be represented in the current code page (932). Save the file in Unicode format to prevent data loss
h:\ricky\unreal projects\3_steam_multiplayer\encrypted\sdk\public\steam\steamclientpublic.h : warning C4819: The file contains a character that cannot be represented in the current code page (932). Save the file in Unicode format to prevent data loss
h:\ricky\unreal projects\3_steam_multiplayer\encrypted\sdk\public\steam\steamuniverse.h : warning C4819: The file contains a character that cannot be represented in the current code page (932). Save the file in Unicode format to prevent data loss
h:\ricky\unreal projects\3_steam_multiplayer\encrypted\sdk\public\steam\isteamutils.h : warning C4819: The file contains a character that cannot be represented in the current code page (932). Save the file in Unicode format to prevent data loss
h:\ricky\unreal projects\3_steam_multiplayer\encrypted\sdk\public\steam\matchmakingtypes.h : warning C4819: The file contains a character that cannot be represented in the current code page (932). Save the file in Unicode format to prevent data loss
h:\ricky\unreal projects\3_steam_multiplayer\encrypted\sdk\public\steam\isteamuserstats.h : warning C4819: The file contains a character that cannot be represented in the current code page (932). Save the file in Unicode format to prevent data loss
h:\ricky\unreal projects\3_steam_multiplayer\encrypted\sdk\public\steam\isteamremotestorage.h : warning C4819: The file contains a character that cannot be represented in the current code page (932). Save the file in Unicode format to prevent data loss
h:\ricky\unreal projects\3_steam_multiplayer\encrypted\sdk\public\steam\isteamscreenshots.h : warning C4819: The file contains a character that cannot be represented in the current code page (932). Save the file in Unicode format to prevent data loss
h:\ricky\unreal projects\3_steam_multiplayer\encrypted\sdk\public\steam\isteamparentalsettings.h : warning C4819: The file contains a character that cannot be represented in the current code page (932). Save the file in Unicode format to prevent data loss
h:\ricky\unreal projects\3_steam_multiplayer\encrypted\sdk\steamworksexample\gameengine.h : warning C4819: The file contains a character that cannot be represented in the current code page (932). Save the file in Unicode format to prevent data loss
h:\ricky\unreal projects\3_steam_multiplayer\encrypted\sdk\steamworksexample\spacewarclient.h : warning C4819: The file contains a character that cannot be represented in the current code page (932). Save the file in Unicode format to prevent data loss
h:\ricky\unreal projects\3_steam_multiplayer\encrypted\sdk\steamworksexample\starfield.h : warning C4819: The file contains a character that cannot be represented in the current code page (932). Save the file in Unicode format to prevent data loss
  htmlsurface.cpp
h:\ricky\unreal projects\3_steam_multiplayer\encrypted\sdk\steamworksexample\stdafx.h : warning C4819: The file contains a character that cannot be represented in the current code page (932). Save the file in Unicode format to prevent data loss
h:\ricky\unreal projects\3_steam_multiplayer\encrypted\sdk\public\steam\steamclientpublic.h : warning C4819: The file contains a character that cannot be represented in the current code page (932). Save the file in Unicode format to prevent data loss
h:\ricky\unreal projects\3_steam_multiplayer\encrypted\sdk\public\steam\steamuniverse.h : warning C4819: The file contains a character that cannot be represented in the current code page (932). Save the file in Unicode format to prevent data loss
h:\ricky\unreal projects\3_steam_multiplayer\encrypted\sdk\public\steam\isteamutils.h : warning C4819: The file contains a character that cannot be represented in the current code page (932). Save the file in Unicode format to prevent data loss
h:\ricky\unreal projects\3_steam_multiplayer\encrypted\sdk\public\steam\matchmakingtypes.h : warning C4819: The file contains a character that cannot be represented in the current code page (932). Save the file in Unicode format to prevent data loss
h:\ricky\unreal projects\3_steam_multiplayer\encrypted\sdk\public\steam\isteamuserstats.h : warning C4819: The file contains a character that cannot be represented in the current code page (932). Save the file in Unicode format to prevent data loss
h:\ricky\unreal projects\3_steam_multiplayer\encrypted\sdk\public\steam\isteamremotestorage.h : warning C4819: The file contains a character that cannot be represented in the current code page (932). Save the file in Unicode format to prevent data loss
h:\ricky\unreal projects\3_steam_multiplayer\encrypted\sdk\public\steam\isteamscreenshots.h : warning C4819: The file contains a character that cannot be represented in the current code page (932). Save the file in Unicode format to prevent data loss
h:\ricky\unreal projects\3_steam_multiplayer\encrypted\sdk\public\steam\isteamparentalsettings.h : warning C4819: The file contains a character that cannot be represented in the current code page (932). Save the file in Unicode format to prevent data loss
h:\ricky\unreal projects\3_steam_multiplayer\encrypted\sdk\steamworksexample\gameengine.h : warning C4819: The file contains a character that cannot be represented in the current code page (932). Save the file in Unicode format to prevent data loss
h:\ricky\unreal projects\3_steam_multiplayer\encrypted\sdk\steamworksexample\spacewarclient.h : warning C4819: The file contains a character that cannot be represented in the current code page (932). Save the file in Unicode format to prevent data loss
h:\ricky\unreal projects\3_steam_multiplayer\encrypted\sdk\steamworksexample\starfield.h : warning C4819: The file contains a character that cannot be represented in the current code page (932). Save the file in Unicode format to prevent data loss
  gameenginewin32.cpp
h:\ricky\unreal projects\3_steam_multiplayer\encrypted\sdk\steamworksexample\stdafx.h : warning C4819: The file contains a character that cannot be represented in the current code page (932). Save the file in Unicode format to prevent data loss
h:\ricky\unreal projects\3_steam_multiplayer\encrypted\sdk\public\steam\steamclientpublic.h : warning C4819: The file contains a character that cannot be represented in the current code page (932). Save the file in Unicode format to prevent data loss
h:\ricky\unreal projects\3_steam_multiplayer\encrypted\sdk\public\steam\steamuniverse.h : warning C4819: The file contains a character that cannot be represented in the current code page (932). Save the file in Unicode format to prevent data loss
h:\ricky\unreal projects\3_steam_multiplayer\encrypted\sdk\public\steam\isteamutils.h : warning C4819: The file contains a character that cannot be represented in the current code page (932). Save the file in Unicode format to prevent data loss
h:\ricky\unreal projects\3_steam_multiplayer\encrypted\sdk\public\steam\matchmakingtypes.h : warning C4819: The file contains a character that cannot be represented in the current code page (932). Save the file in Unicode format to prevent data loss
h:\ricky\unreal projects\3_steam_multiplayer\encrypted\sdk\public\steam\isteamuserstats.h : warning C4819: The file contains a character that cannot be represented in the current code page (932). Save the file in Unicode format to prevent data loss
h:\ricky\unreal projects\3_steam_multiplayer\encrypted\sdk\public\steam\isteamremotestorage.h : warning C4819: The file contains a character that cannot be represented in the current code page (932). Save the file in Unicode format to prevent data loss
h:\ricky\unreal projects\3_steam_multiplayer\encrypted\sdk\public\steam\isteamscreenshots.h : warning C4819: The file contains a character that cannot be represented in the current code page (932). Save the file in Unicode format to prevent data loss
h:\ricky\unreal projects\3_steam_multiplayer\encrypted\sdk\public\steam\isteamparentalsettings.h : warning C4819: The file contains a character that cannot be represented in the current code page (932). Save the file in Unicode format to prevent data loss
h:\ricky\unreal projects\3_steam_multiplayer\encrypted\sdk\steamworksexample\gameengine.h : warning C4819: The file contains a character that cannot be represented in the current code page (932). Save the file in Unicode format to prevent data loss
  connectingmenu.cpp
h:\ricky\unreal projects\3_steam_multiplayer\encrypted\sdk\steamworksexample\stdafx.h : warning C4819: The file contains a character that cannot be represented in the current code page (932). Save the file in Unicode format to prevent data loss
h:\ricky\unreal projects\3_steam_multiplayer\encrypted\sdk\public\steam\steamclientpublic.h : warning C4819: The file contains a character that cannot be represented in the current code page (932). Save the file in Unicode format to prevent data loss
h:\ricky\unreal projects\3_steam_multiplayer\encrypted\sdk\public\steam\steamuniverse.h : warning C4819: The file contains a character that cannot be represented in the current code page (932). Save the file in Unicode format to prevent data loss
h:\ricky\unreal projects\3_steam_multiplayer\encrypted\sdk\public\steam\isteamutils.h : warning C4819: The file contains a character that cannot be represented in the current code page (932). Save the file in Unicode format to prevent data loss
h:\ricky\unreal projects\3_steam_multiplayer\encrypted\sdk\public\steam\matchmakingtypes.h : warning C4819: The file contains a character that cannot be represented in the current code page (932). Save the file in Unicode format to prevent data loss
h:\ricky\unreal projects\3_steam_multiplayer\encrypted\sdk\public\steam\isteamuserstats.h : warning C4819: The file contains a character that cannot be represented in the current code page (932). Save the file in Unicode format to prevent data loss
h:\ricky\unreal projects\3_steam_multiplayer\encrypted\sdk\public\steam\isteamremotestorage.h : warning C4819: The file contains a character that cannot be represented in the current code page (932). Save the file in Unicode format to prevent data loss
h:\ricky\unreal projects\3_steam_multiplayer\encrypted\sdk\public\steam\isteamscreenshots.h : warning C4819: The file contains a character that cannot be represented in the current code page (932). Save the file in Unicode format to prevent data loss
h:\ricky\unreal projects\3_steam_multiplayer\encrypted\sdk\public\steam\isteamparentalsettings.h : warning C4819: The file contains a character that cannot be represented in the current code page (932). Save the file in Unicode format to prevent data loss
h:\ricky\unreal projects\3_steam_multiplayer\encrypted\sdk\steamworksexample\gameengine.h : warning C4819: The file contains a character that cannot be represented in the current code page (932). Save the file in Unicode format to prevent data loss
h:\ricky\unreal projects\3_steam_multiplayer\encrypted\sdk\steamworksexample\spacewarclient.h : warning C4819: The file contains a character that cannot be represented in the current code page (932). Save the file in Unicode format to prevent data loss
h:\ricky\unreal projects\3_steam_multiplayer\encrypted\sdk\steamworksexample\starfield.h : warning C4819: The file contains a character that cannot be represented in the current code page (932). Save the file in Unicode format to prevent data loss
  clanchatroom.cpp
h:\ricky\unreal projects\3_steam_multiplayer\encrypted\sdk\steamworksexample\stdafx.h : warning C4819: The file contains a character that cannot be represented in the current code page (932). Save the file in Unicode format to prevent data loss
h:\ricky\unreal projects\3_steam_multiplayer\encrypted\sdk\public\steam\steamclientpublic.h : warning C4819: The file contains a character that cannot be represented in the current code page (932). Save the file in Unicode format to prevent data loss
h:\ricky\unreal projects\3_steam_multiplayer\encrypted\sdk\public\steam\steamuniverse.h : warning C4819: The file contains a character that cannot be represented in the current code page (932). Save the file in Unicode format to prevent data loss
h:\ricky\unreal projects\3_steam_multiplayer\encrypted\sdk\public\steam\isteamutils.h : warning C4819: The file contains a character that cannot be represented in the current code page (932). Save the file in Unicode format to prevent data loss
h:\ricky\unreal projects\3_steam_multiplayer\encrypted\sdk\public\steam\matchmakingtypes.h : warning C4819: The file contains a character that cannot be represented in the current code page (932). Save the file in Unicode format to prevent data loss
h:\ricky\unreal projects\3_steam_multiplayer\encrypted\sdk\public\steam\isteamuserstats.h : warning C4819: The file contains a character that cannot be represented in the current code page (932). Save the file in Unicode format to prevent data loss
h:\ricky\unreal projects\3_steam_multiplayer\encrypted\sdk\public\steam\isteamremotestorage.h : warning C4819: The file contains a character that cannot be represented in the current code page (932). Save the file in Unicode format to prevent data loss
h:\ricky\unreal projects\3_steam_multiplayer\encrypted\sdk\public\steam\isteamscreenshots.h : warning C4819: The file contains a character that cannot be represented in the current code page (932). Save the file in Unicode format to prevent data loss
h:\ricky\unreal projects\3_steam_multiplayer\encrypted\sdk\public\steam\isteamparentalsettings.h : warning C4819: The file contains a character that cannot be represented in the current code page (932). Save the file in Unicode format to prevent data loss
h:\ricky\unreal projects\3_steam_multiplayer\encrypted\sdk\steamworksexample\gameengine.h : warning C4819: The file contains a character that cannot be represented in the current code page (932). Save the file in Unicode format to prevent data loss
h:\ricky\unreal projects\3_steam_multiplayer\encrypted\sdk\steamworksexample\spacewarclient.h : warning C4819: The file contains a character that cannot be represented in the current code page (932). Save the file in Unicode format to prevent data loss
h:\ricky\unreal projects\3_steam_multiplayer\encrypted\sdk\steamworksexample\starfield.h : warning C4819: The file contains a character that cannot be represented in the current code page (932). Save the file in Unicode format to prevent data loss
  VectorEntity.cpp
h:\ricky\unreal projects\3_steam_multiplayer\encrypted\sdk\steamworksexample\stdafx.h : warning C4819: The file contains a character that cannot be represented in the current code page (932). Save the file in Unicode format to prevent data loss
h:\ricky\unreal projects\3_steam_multiplayer\encrypted\sdk\public\steam\steamclientpublic.h : warning C4819: The file contains a character that cannot be represented in the current code page (932). Save the file in Unicode format to prevent data loss
h:\ricky\unreal projects\3_steam_multiplayer\encrypted\sdk\public\steam\steamuniverse.h : warning C4819: The file contains a character that cannot be represented in the current code page (932). Save the file in Unicode format to prevent data loss
h:\ricky\unreal projects\3_steam_multiplayer\encrypted\sdk\public\steam\isteamutils.h : warning C4819: The file contains a character that cannot be represented in the current code page (932). Save the file in Unicode format to prevent data loss
h:\ricky\unreal projects\3_steam_multiplayer\encrypted\sdk\public\steam\matchmakingtypes.h : warning C4819: The file contains a character that cannot be represented in the current code page (932). Save the file in Unicode format to prevent data loss
h:\ricky\unreal projects\3_steam_multiplayer\encrypted\sdk\public\steam\isteamuserstats.h : warning C4819: The file contains a character that cannot be represented in the current code page (932). Save the file in Unicode format to prevent data loss
h:\ricky\unreal projects\3_steam_multiplayer\encrypted\sdk\public\steam\isteamremotestorage.h : warning C4819: The file contains a character that cannot be represented in the current code page (932). Save the file in Unicode format to prevent data loss
h:\ricky\unreal projects\3_steam_multiplayer\encrypted\sdk\public\steam\isteamscreenshots.h : warning C4819: The file contains a character that cannot be represented in the current code page (932). Save the file in Unicode format to prevent data loss
h:\ricky\unreal projects\3_steam_multiplayer\encrypted\sdk\public\steam\isteamparentalsettings.h : warning C4819: The file contains a character that cannot be represented in the current code page (932). Save the file in Unicode format to prevent data loss
h:\ricky\unreal projects\3_steam_multiplayer\encrypted\sdk\steamworksexample\gameengine.h : warning C4819: The file contains a character that cannot be represented in the current code page (932). Save the file in Unicode format to prevent data loss
  Sun.cpp
h:\ricky\unreal projects\3_steam_multiplayer\encrypted\sdk\steamworksexample\stdafx.h : warning C4819: The file contains a character that cannot be represented in the current code page (932). Save the file in Unicode format to prevent data loss
h:\ricky\unreal projects\3_steam_multiplayer\encrypted\sdk\public\steam\steamclientpublic.h : warning C4819: The file contains a character that cannot be represented in the current code page (932). Save the file in Unicode format to prevent data loss
h:\ricky\unreal projects\3_steam_multiplayer\encrypted\sdk\public\steam\steamuniverse.h : warning C4819: The file contains a character that cannot be represented in the current code page (932). Save the file in Unicode format to prevent data loss
h:\ricky\unreal projects\3_steam_multiplayer\encrypted\sdk\public\steam\isteamutils.h : warning C4819: The file contains a character that cannot be represented in the current code page (932). Save the file in Unicode format to prevent data loss
h:\ricky\unreal projects\3_steam_multiplayer\encrypted\sdk\public\steam\matchmakingtypes.h : warning C4819: The file contains a character that cannot be represented in the current code page (932). Save the file in Unicode format to prevent data loss
h:\ricky\unreal projects\3_steam_multiplayer\encrypted\sdk\public\steam\isteamuserstats.h : warning C4819: The file contains a character that cannot be represented in the current code page (932). Save the file in Unicode format to prevent data loss
h:\ricky\unreal projects\3_steam_multiplayer\encrypted\sdk\public\steam\isteamremotestorage.h : warning C4819: The file contains a character that cannot be represented in the current code page (932). Save the file in Unicode format to prevent data loss
h:\ricky\unreal projects\3_steam_multiplayer\encrypted\sdk\public\steam\isteamscreenshots.h : warning C4819: The file contains a character that cannot be represented in the current code page (932). Save the file in Unicode format to prevent data loss
h:\ricky\unreal projects\3_steam_multiplayer\encrypted\sdk\public\steam\isteamparentalsettings.h : warning C4819: The file contains a character that cannot be represented in the current code page (932). Save the file in Unicode format to prevent data loss
h:\ricky\unreal projects\3_steam_multiplayer\encrypted\sdk\steamworksexample\gameengine.h : warning C4819: The file contains a character that cannot be represented in the current code page (932). Save the file in Unicode format to prevent data loss
  StatsAndAchievements.cpp
h:\ricky\unreal projects\3_steam_multiplayer\encrypted\sdk\steamworksexample\stdafx.h : warning C4819: The file contains a character that cannot be represented in the current code page (932). Save the file in Unicode format to prevent data loss
h:\ricky\unreal projects\3_steam_multiplayer\encrypted\sdk\public\steam\steamclientpublic.h : warning C4819: The file contains a character that cannot be represented in the current code page (932). Save the file in Unicode format to prevent data loss
h:\ricky\unreal projects\3_steam_multiplayer\encrypted\sdk\public\steam\steamuniverse.h : warning C4819: The file contains a character that cannot be represented in the current code page (932). Save the file in Unicode format to prevent data loss
h:\ricky\unreal projects\3_steam_multiplayer\encrypted\sdk\public\steam\isteamutils.h : warning C4819: The file contains a character that cannot be represented in the current code page (932). Save the file in Unicode format to prevent data loss
h:\ricky\unreal projects\3_steam_multiplayer\encrypted\sdk\public\steam\matchmakingtypes.h : warning C4819: The file contains a character that cannot be represented in the current code page (932). Save the file in Unicode format to prevent data loss
h:\ricky\unreal projects\3_steam_multiplayer\encrypted\sdk\public\steam\isteamuserstats.h : warning C4819: The file contains a character that cannot be represented in the current code page (932). Save the file in Unicode format to prevent data loss
h:\ricky\unreal projects\3_steam_multiplayer\encrypted\sdk\public\steam\isteamremotestorage.h : warning C4819: The file contains a character that cannot be represented in the current code page (932). Save the file in Unicode format to prevent data loss
h:\ricky\unreal projects\3_steam_multiplayer\encrypted\sdk\public\steam\isteamscreenshots.h : warning C4819: The file contains a character that cannot be represented in the current code page (932). Save the file in Unicode format to prevent data loss
h:\ricky\unreal projects\3_steam_multiplayer\encrypted\sdk\public\steam\isteamparentalsettings.h : warning C4819: The file contains a character that cannot be represented in the current code page (932). Save the file in Unicode format to prevent data loss
h:\ricky\unreal projects\3_steam_multiplayer\encrypted\sdk\steamworksexample\gameengine.h : warning C4819: The file contains a character that cannot be represented in the current code page (932). Save the file in Unicode format to prevent data loss
h:\ricky\unreal projects\3_steam_multiplayer\encrypted\sdk\steamworksexample\spacewarclient.h : warning C4819: The file contains a character that cannot be represented in the current code page (932). Save the file in Unicode format to prevent data loss
h:\ricky\unreal projects\3_steam_multiplayer\encrypted\sdk\steamworksexample\starfield.h : warning C4819: The file contains a character that cannot be represented in the current code page (932). Save the file in Unicode format to prevent data loss
  StarField.cpp
h:\ricky\unreal projects\3_steam_multiplayer\encrypted\sdk\steamworksexample\starfield.cpp : warning C4819: The file contains a character that cannot be represented in the current code page (932). Save the file in Unicode format to prevent data loss
h:\ricky\unreal projects\3_steam_multiplayer\encrypted\sdk\steamworksexample\stdafx.h : warning C4819: The file contains a character that cannot be represented in the current code page (932). Save the file in Unicode format to prevent data loss
h:\ricky\unreal projects\3_steam_multiplayer\encrypted\sdk\public\steam\steamclientpublic.h : warning C4819: The file contains a character that cannot be represented in the current code page (932). Save the file in Unicode format to prevent data loss
h:\ricky\unreal projects\3_steam_multiplayer\encrypted\sdk\public\steam\steamuniverse.h : warning C4819: The file contains a character that cannot be represented in the current code page (932). Save the file in Unicode format to prevent data loss
h:\ricky\unreal projects\3_steam_multiplayer\encrypted\sdk\public\steam\isteamutils.h : warning C4819: The file contains a character that cannot be represented in the current code page (932). Save the file in Unicode format to prevent data loss
h:\ricky\unreal projects\3_steam_multiplayer\encrypted\sdk\public\steam\matchmakingtypes.h : warning C4819: The file contains a character that cannot be represented in the current code page (932). Save the file in Unicode format to prevent data loss
h:\ricky\unreal projects\3_steam_multiplayer\encrypted\sdk\public\steam\isteamuserstats.h : warning C4819: The file contains a character that cannot be represented in the current code page (932). Save the file in Unicode format to prevent data loss
h:\ricky\unreal projects\3_steam_multiplayer\encrypted\sdk\public\steam\isteamremotestorage.h : warning C4819: The file contains a character that cannot be represented in the current code page (932). Save the file in Unicode format to prevent data loss
h:\ricky\unreal projects\3_steam_multiplayer\encrypted\sdk\public\steam\isteamscreenshots.h : warning C4819: The file contains a character that cannot be represented in the current code page (932). Save the file in Unicode format to prevent data loss
h:\ricky\unreal projects\3_steam_multiplayer\encrypted\sdk\public\steam\isteamparentalsettings.h : warning C4819: The file contains a character that cannot be represented in the current code page (932). Save the file in Unicode format to prevent data loss
h:\ricky\unreal projects\3_steam_multiplayer\encrypted\sdk\steamworksexample\starfield.h : warning C4819: The file contains a character that cannot be represented in the current code page (932). Save the file in Unicode format to prevent data loss
h:\ricky\unreal projects\3_steam_multiplayer\encrypted\sdk\steamworksexample\gameengine.h : warning C4819: The file contains a character that cannot be represented in the current code page (932). Save the file in Unicode format to prevent data loss
  SpaceWarServer.cpp
h:\ricky\unreal projects\3_steam_multiplayer\encrypted\sdk\steamworksexample\stdafx.h : warning C4819: The file contains a character that cannot be represented in the current code page (932). Save the file in Unicode format to prevent data loss
h:\ricky\unreal projects\3_steam_multiplayer\encrypted\sdk\public\steam\steamclientpublic.h : warning C4819: The file contains a character that cannot be represented in the current code page (932). Save the file in Unicode format to prevent data loss
h:\ricky\unreal projects\3_steam_multiplayer\encrypted\sdk\public\steam\steamuniverse.h : warning C4819: The file contains a character that cannot be represented in the current code page (932). Save the file in Unicode format to prevent data loss
h:\ricky\unreal projects\3_steam_multiplayer\encrypted\sdk\public\steam\isteamutils.h : warning C4819: The file contains a character that cannot be represented in the current code page (932). Save the file in Unicode format to prevent data loss
h:\ricky\unreal projects\3_steam_multiplayer\encrypted\sdk\public\steam\matchmakingtypes.h : warning C4819: The file contains a character that cannot be represented in the current code page (932). Save the file in Unicode format to prevent data loss
h:\ricky\unreal projects\3_steam_multiplayer\encrypted\sdk\public\steam\isteamuserstats.h : warning C4819: The file contains a character that cannot be represented in the current code page (932). Save the file in Unicode format to prevent data loss
h:\ricky\unreal projects\3_steam_multiplayer\encrypted\sdk\public\steam\isteamremotestorage.h : warning C4819: The file contains a character that cannot be represented in the current code page (932). Save the file in Unicode format to prevent data loss
h:\ricky\unreal projects\3_steam_multiplayer\encrypted\sdk\public\steam\isteamscreenshots.h : warning C4819: The file contains a character that cannot be represented in the current code page (932). Save the file in Unicode format to prevent data loss
h:\ricky\unreal projects\3_steam_multiplayer\encrypted\sdk\public\steam\isteamparentalsettings.h : warning C4819: The file contains a character that cannot be represented in the current code page (932). Save the file in Unicode format to prevent data loss
h:\ricky\unreal projects\3_steam_multiplayer\encrypted\sdk\steamworksexample\gameengine.h : warning C4819: The file contains a character that cannot be represented in the current code page (932). Save the file in Unicode format to prevent data loss
h:\ricky\unreal projects\3_steam_multiplayer\encrypted\sdk\steamworksexample\spacewarclient.h : warning C4819: The file contains a character that cannot be represented in the current code page (932). Save the file in Unicode format to prevent data loss
h:\ricky\unreal projects\3_steam_multiplayer\encrypted\sdk\steamworksexample\starfield.h : warning C4819: The file contains a character that cannot be represented in the current code page (932). Save the file in Unicode format to prevent data loss
  SpaceWarEntity.cpp
h:\ricky\unreal projects\3_steam_multiplayer\encrypted\sdk\steamworksexample\stdafx.h : warning C4819: The file contains a character that cannot be represented in the current code page (932). Save the file in Unicode format to prevent data loss
h:\ricky\unreal projects\3_steam_multiplayer\encrypted\sdk\public\steam\steamclientpublic.h : warning C4819: The file contains a character that cannot be represented in the current code page (932). Save the file in Unicode format to prevent data loss
h:\ricky\unreal projects\3_steam_multiplayer\encrypted\sdk\public\steam\steamuniverse.h : warning C4819: The file contains a character that cannot be represented in the current code page (932). Save the file in Unicode format to prevent data loss
h:\ricky\unreal projects\3_steam_multiplayer\encrypted\sdk\public\steam\isteamutils.h : warning C4819: The file contains a character that cannot be represented in the current code page (932). Save the file in Unicode format to prevent data loss
h:\ricky\unreal projects\3_steam_multiplayer\encrypted\sdk\public\steam\matchmakingtypes.h : warning C4819: The file contains a character that cannot be represented in the current code page (932). Save the file in Unicode format to prevent data loss
h:\ricky\unreal projects\3_steam_multiplayer\encrypted\sdk\public\steam\isteamuserstats.h : warning C4819: The file contains a character that cannot be represented in the current code page (932). Save the file in Unicode format to prevent data loss
h:\ricky\unreal projects\3_steam_multiplayer\encrypted\sdk\public\steam\isteamremotestorage.h : warning C4819: The file contains a character that cannot be represented in the current code page (932). Save the file in Unicode format to prevent data loss
h:\ricky\unreal projects\3_steam_multiplayer\encrypted\sdk\public\steam\isteamscreenshots.h : warning C4819: The file contains a character that cannot be represented in the current code page (932). Save the file in Unicode format to prevent data loss
h:\ricky\unreal projects\3_steam_multiplayer\encrypted\sdk\public\steam\isteamparentalsettings.h : warning C4819: The file contains a character that cannot be represented in the current code page (932). Save the file in Unicode format to prevent data loss
h:\ricky\unreal projects\3_steam_multiplayer\encrypted\sdk\steamworksexample\gameengine.h : warning C4819: The file contains a character that cannot be represented in the current code page (932). Save the file in Unicode format to prevent data loss
  SpaceWarClient.cpp
h:\ricky\unreal projects\3_steam_multiplayer\encrypted\sdk\steamworksexample\spacewarclient.cpp : warning C4819: The file contains a character that cannot be represented in the current code page (932). Save the file in Unicode format to prevent data loss
h:\ricky\unreal projects\3_steam_multiplayer\encrypted\sdk\steamworksexample\stdafx.h : warning C4819: The file contains a character that cannot be represented in the current code page (932). Save the file in Unicode format to prevent data loss
h:\ricky\unreal projects\3_steam_multiplayer\encrypted\sdk\public\steam\steamclientpublic.h : warning C4819: The file contains a character that cannot be represented in the current code page (932). Save the file in Unicode format to prevent data loss
h:\ricky\unreal projects\3_steam_multiplayer\encrypted\sdk\public\steam\steamuniverse.h : warning C4819: The file contains a character that cannot be represented in the current code page (932). Save the file in Unicode format to prevent data loss
h:\ricky\unreal projects\3_steam_multiplayer\encrypted\sdk\public\steam\isteamutils.h : warning C4819: The file contains a character that cannot be represented in the current code page (932). Save the file in Unicode format to prevent data loss
h:\ricky\unreal projects\3_steam_multiplayer\encrypted\sdk\public\steam\matchmakingtypes.h : warning C4819: The file contains a character that cannot be represented in the current code page (932). Save the file in Unicode format to prevent data loss
h:\ricky\unreal projects\3_steam_multiplayer\encrypted\sdk\public\steam\isteamuserstats.h : warning C4819: The file contains a character that cannot be represented in the current code page (932). Save the file in Unicode format to prevent data loss
h:\ricky\unreal projects\3_steam_multiplayer\encrypted\sdk\public\steam\isteamremotestorage.h : warning C4819: The file contains a character that cannot be represented in the current code page (932). Save the file in Unicode format to prevent data loss
h:\ricky\unreal projects\3_steam_multiplayer\encrypted\sdk\public\steam\isteamscreenshots.h : warning C4819: The file contains a character that cannot be represented in the current code page (932). Save the file in Unicode format to prevent data loss
h:\ricky\unreal projects\3_steam_multiplayer\encrypted\sdk\public\steam\isteamparentalsettings.h : warning C4819: The file contains a character that cannot be represented in the current code page (932). Save the file in Unicode format to prevent data loss
h:\ricky\unreal projects\3_steam_multiplayer\encrypted\sdk\steamworksexample\spacewarclient.h : warning C4819: The file contains a character that cannot be represented in the current code page (932). Save the file in Unicode format to prevent data loss
h:\ricky\unreal projects\3_steam_multiplayer\encrypted\sdk\steamworksexample\gameengine.h : warning C4819: The file contains a character that cannot be represented in the current code page (932). Save the file in Unicode format to prevent data loss
h:\ricky\unreal projects\3_steam_multiplayer\encrypted\sdk\steamworksexample\starfield.h : warning C4819: The file contains a character that cannot be represented in the current code page (932). Save the file in Unicode format to prevent data loss
  Ship.cpp
h:\ricky\unreal projects\3_steam_multiplayer\encrypted\sdk\steamworksexample\stdafx.h : warning C4819: The file contains a character that cannot be represented in the current code page (932). Save the file in Unicode format to prevent data loss
h:\ricky\unreal projects\3_steam_multiplayer\encrypted\sdk\public\steam\steamclientpublic.h : warning C4819: The file contains a character that cannot be represented in the current code page (932). Save the file in Unicode format to prevent data loss
h:\ricky\unreal projects\3_steam_multiplayer\encrypted\sdk\public\steam\steamuniverse.h : warning C4819: The file contains a character that cannot be represented in the current code page (932). Save the file in Unicode format to prevent data loss
h:\ricky\unreal projects\3_steam_multiplayer\encrypted\sdk\public\steam\isteamutils.h : warning C4819: The file contains a character that cannot be represented in the current code page (932). Save the file in Unicode format to prevent data loss
h:\ricky\unreal projects\3_steam_multiplayer\encrypted\sdk\public\steam\matchmakingtypes.h : warning C4819: The file contains a character that cannot be represented in the current code page (932). Save the file in Unicode format to prevent data loss
h:\ricky\unreal projects\3_steam_multiplayer\encrypted\sdk\public\steam\isteamuserstats.h : warning C4819: The file contains a character that cannot be represented in the current code page (932). Save the file in Unicode format to prevent data loss
h:\ricky\unreal projects\3_steam_multiplayer\encrypted\sdk\public\steam\isteamremotestorage.h : warning C4819: The file contains a character that cannot be represented in the current code page (932). Save the file in Unicode format to prevent data loss
h:\ricky\unreal projects\3_steam_multiplayer\encrypted\sdk\public\steam\isteamscreenshots.h : warning C4819: The file contains a character that cannot be represented in the current code page (932). Save the file in Unicode format to prevent data loss
h:\ricky\unreal projects\3_steam_multiplayer\encrypted\sdk\public\steam\isteamparentalsettings.h : warning C4819: The file contains a character that cannot be represented in the current code page (932). Save the file in Unicode format to prevent data loss
h:\ricky\unreal projects\3_steam_multiplayer\encrypted\sdk\steamworksexample\gameengine.h : warning C4819: The file contains a character that cannot be represented in the current code page (932). Save the file in Unicode format to prevent data loss
  ServerBrowser.cpp
h:\ricky\unreal projects\3_steam_multiplayer\encrypted\sdk\steamworksexample\stdafx.h : warning C4819: The file contains a character that cannot be represented in the current code page (932). Save the file in Unicode format to prevent data loss
h:\ricky\unreal projects\3_steam_multiplayer\encrypted\sdk\public\steam\steamclientpublic.h : warning C4819: The file contains a character that cannot be represented in the current code page (932). Save the file in Unicode format to prevent data loss
h:\ricky\unreal projects\3_steam_multiplayer\encrypted\sdk\public\steam\steamuniverse.h : warning C4819: The file contains a character that cannot be represented in the current code page (932). Save the file in Unicode format to prevent data loss
h:\ricky\unreal projects\3_steam_multiplayer\encrypted\sdk\public\steam\isteamutils.h : warning C4819: The file contains a character that cannot be represented in the current code page (932). Save the file in Unicode format to prevent data loss
h:\ricky\unreal projects\3_steam_multiplayer\encrypted\sdk\public\steam\matchmakingtypes.h : warning C4819: The file contains a character that cannot be represented in the current code page (932). Save the file in Unicode format to prevent data loss
h:\ricky\unreal projects\3_steam_multiplayer\encrypted\sdk\public\steam\isteamuserstats.h : warning C4819: The file contains a character that cannot be represented in the current code page (932). Save the file in Unicode format to prevent data loss
h:\ricky\unreal projects\3_steam_multiplayer\encrypted\sdk\public\steam\isteamremotestorage.h : warning C4819: The file contains a character that cannot be represented in the current code page (932). Save the file in Unicode format to prevent data loss
h:\ricky\unreal projects\3_steam_multiplayer\encrypted\sdk\public\steam\isteamscreenshots.h : warning C4819: The file contains a character that cannot be represented in the current code page (932). Save the file in Unicode format to prevent data loss
h:\ricky\unreal projects\3_steam_multiplayer\encrypted\sdk\public\steam\isteamparentalsettings.h : warning C4819: The file contains a character that cannot be represented in the current code page (932). Save the file in Unicode format to prevent data loss
h:\ricky\unreal projects\3_steam_multiplayer\encrypted\sdk\steamworksexample\gameengine.h : warning C4819: The file contains a character that cannot be represented in the current code page (932). Save the file in Unicode format to prevent data loss
h:\ricky\unreal projects\3_steam_multiplayer\encrypted\sdk\steamworksexample\spacewarclient.h : warning C4819: The file contains a character that cannot be represented in the current code page (932). Save the file in Unicode format to prevent data loss
h:\ricky\unreal projects\3_steam_multiplayer\encrypted\sdk\steamworksexample\starfield.h : warning C4819: The file contains a character that cannot be represented in the current code page (932). Save the file in Unicode format to prevent data loss
  RemoteStorage.cpp
h:\ricky\unreal projects\3_steam_multiplayer\encrypted\sdk\steamworksexample\stdafx.h : warning C4819: The file contains a character that cannot be represented in the current code page (932). Save the file in Unicode format to prevent data loss
h:\ricky\unreal projects\3_steam_multiplayer\encrypted\sdk\public\steam\steamclientpublic.h : warning C4819: The file contains a character that cannot be represented in the current code page (932). Save the file in Unicode format to prevent data loss
h:\ricky\unreal projects\3_steam_multiplayer\encrypted\sdk\public\steam\steamuniverse.h : warning C4819: The file contains a character that cannot be represented in the current code page (932). Save the file in Unicode format to prevent data loss
h:\ricky\unreal projects\3_steam_multiplayer\encrypted\sdk\public\steam\isteamutils.h : warning C4819: The file contains a character that cannot be represented in the current code page (932). Save the file in Unicode format to prevent data loss
h:\ricky\unreal projects\3_steam_multiplayer\encrypted\sdk\public\steam\matchmakingtypes.h : warning C4819: The file contains a character that cannot be represented in the current code page (932). Save the file in Unicode format to prevent data loss
h:\ricky\unreal projects\3_steam_multiplayer\encrypted\sdk\public\steam\isteamuserstats.h : warning C4819: The file contains a character that cannot be represented in the current code page (932). Save the file in Unicode format to prevent data loss
h:\ricky\unreal projects\3_steam_multiplayer\encrypted\sdk\public\steam\isteamremotestorage.h : warning C4819: The file contains a character that cannot be represented in the current code page (932). Save the file in Unicode format to prevent data loss
h:\ricky\unreal projects\3_steam_multiplayer\encrypted\sdk\public\steam\isteamscreenshots.h : warning C4819: The file contains a character that cannot be represented in the current code page (932). Save the file in Unicode format to prevent data loss
h:\ricky\unreal projects\3_steam_multiplayer\encrypted\sdk\public\steam\isteamparentalsettings.h : warning C4819: The file contains a character that cannot be represented in the current code page (932). Save the file in Unicode format to prevent data loss
h:\ricky\unreal projects\3_steam_multiplayer\encrypted\sdk\steamworksexample\gameengine.h : warning C4819: The file contains a character that cannot be represented in the current code page (932). Save the file in Unicode format to prevent data loss
h:\ricky\unreal projects\3_steam_multiplayer\encrypted\sdk\steamworksexample\remotestoragesync.h : warning C4819: The file contains a character that cannot be represented in the current code page (932). Save the file in Unicode format to prevent data loss
h:\ricky\unreal projects\3_steam_multiplayer\encrypted\sdk\steamworksexample\spacewarclient.h : warning C4819: The file contains a character that cannot be represented in the current code page (932). Save the file in Unicode format to prevent data loss
h:\ricky\unreal projects\3_steam_multiplayer\encrypted\sdk\steamworksexample\starfield.h : warning C4819: The file contains a character that cannot be represented in the current code page (932). Save the file in Unicode format to prevent data loss
  QuitMenu.cpp
h:\ricky\unreal projects\3_steam_multiplayer\encrypted\sdk\steamworksexample\stdafx.h : warning C4819: The file contains a character that cannot be represented in the current code page (932). Save the file in Unicode format to prevent data loss
h:\ricky\unreal projects\3_steam_multiplayer\encrypted\sdk\public\steam\steamclientpublic.h : warning C4819: The file contains a character that cannot be represented in the current code page (932). Save the file in Unicode format to prevent data loss
h:\ricky\unreal projects\3_steam_multiplayer\encrypted\sdk\public\steam\steamuniverse.h : warning C4819: The file contains a character that cannot be represented in the current code page (932). Save the file in Unicode format to prevent data loss
h:\ricky\unreal projects\3_steam_multiplayer\encrypted\sdk\public\steam\isteamutils.h : warning C4819: The file contains a character that cannot be represented in the current code page (932). Save the file in Unicode format to prevent data loss
h:\ricky\unreal projects\3_steam_multiplayer\encrypted\sdk\public\steam\matchmakingtypes.h : warning C4819: The file contains a character that cannot be represented in the current code page (932). Save the file in Unicode format to prevent data loss
h:\ricky\unreal projects\3_steam_multiplayer\encrypted\sdk\public\steam\isteamuserstats.h : warning C4819: The file contains a character that cannot be represented in the current code page (932). Save the file in Unicode format to prevent data loss
h:\ricky\unreal projects\3_steam_multiplayer\encrypted\sdk\public\steam\isteamremotestorage.h : warning C4819: The file contains a character that cannot be represented in the current code page (932). Save the file in Unicode format to prevent data loss
h:\ricky\unreal projects\3_steam_multiplayer\encrypted\sdk\public\steam\isteamscreenshots.h : warning C4819: The file contains a character that cannot be represented in the current code page (932). Save the file in Unicode format to prevent data loss
h:\ricky\unreal projects\3_steam_multiplayer\encrypted\sdk\public\steam\isteamparentalsettings.h : warning C4819: The file contains a character that cannot be represented in the current code page (932). Save the file in Unicode format to prevent data loss
h:\ricky\unreal projects\3_steam_multiplayer\encrypted\sdk\steamworksexample\gameengine.h : warning C4819: The file contains a character that cannot be represented in the current code page (932). Save the file in Unicode format to prevent data loss
h:\ricky\unreal projects\3_steam_multiplayer\encrypted\sdk\steamworksexample\spacewarclient.h : warning C4819: The file contains a character that cannot be represented in the current code page (932). Save the file in Unicode format to prevent data loss
h:\ricky\unreal projects\3_steam_multiplayer\encrypted\sdk\steamworksexample\starfield.h : warning C4819: The file contains a character that cannot be represented in the current code page (932). Save the file in Unicode format to prevent data loss
  PhotonBeam.cpp
h:\ricky\unreal projects\3_steam_multiplayer\encrypted\sdk\steamworksexample\stdafx.h : warning C4819: The file contains a character that cannot be represented in the current code page (932). Save the file in Unicode format to prevent data loss
h:\ricky\unreal projects\3_steam_multiplayer\encrypted\sdk\public\steam\steamclientpublic.h : warning C4819: The file contains a character that cannot be represented in the current code page (932). Save the file in Unicode format to prevent data loss
h:\ricky\unreal projects\3_steam_multiplayer\encrypted\sdk\public\steam\steamuniverse.h : warning C4819: The file contains a character that cannot be represented in the current code page (932). Save the file in Unicode format to prevent data loss
h:\ricky\unreal projects\3_steam_multiplayer\encrypted\sdk\public\steam\isteamutils.h : warning C4819: The file contains a character that cannot be represented in the current code page (932). Save the file in Unicode format to prevent data loss
h:\ricky\unreal projects\3_steam_multiplayer\encrypted\sdk\public\steam\matchmakingtypes.h : warning C4819: The file contains a character that cannot be represented in the current code page (932). Save the file in Unicode format to prevent data loss
h:\ricky\unreal projects\3_steam_multiplayer\encrypted\sdk\public\steam\isteamuserstats.h : warning C4819: The file contains a character that cannot be represented in the current code page (932). Save the file in Unicode format to prevent data loss
h:\ricky\unreal projects\3_steam_multiplayer\encrypted\sdk\public\steam\isteamremotestorage.h : warning C4819: The file contains a character that cannot be represented in the current code page (932). Save the file in Unicode format to prevent data loss
h:\ricky\unreal projects\3_steam_multiplayer\encrypted\sdk\public\steam\isteamscreenshots.h : warning C4819: The file contains a character that cannot be represented in the current code page (932). Save the file in Unicode format to prevent data loss
h:\ricky\unreal projects\3_steam_multiplayer\encrypted\sdk\public\steam\isteamparentalsettings.h : warning C4819: The file contains a character that cannot be represented in the current code page (932). Save the file in Unicode format to prevent data loss
h:\ricky\unreal projects\3_steam_multiplayer\encrypted\sdk\steamworksexample\gameengine.h : warning C4819: The file contains a character that cannot be represented in the current code page (932). Save the file in Unicode format to prevent data loss
  Generating Code...
  Compiling...
  MainMenu.cpp
h:\ricky\unreal projects\3_steam_multiplayer\encrypted\sdk\steamworksexample\stdafx.h : warning C4819: The file contains a character that cannot be represented in the current code page (932). Save the file in Unicode format to prevent data loss
h:\ricky\unreal projects\3_steam_multiplayer\encrypted\sdk\public\steam\steamclientpublic.h : warning C4819: The file contains a character that cannot be represented in the current code page (932). Save the file in Unicode format to prevent data loss
h:\ricky\unreal projects\3_steam_multiplayer\encrypted\sdk\public\steam\steamuniverse.h : warning C4819: The file contains a character that cannot be represented in the current code page (932). Save the file in Unicode format to prevent data loss
h:\ricky\unreal projects\3_steam_multiplayer\encrypted\sdk\public\steam\isteamutils.h : warning C4819: The file contains a character that cannot be represented in the current code page (932). Save the file in Unicode format to prevent data loss
h:\ricky\unreal projects\3_steam_multiplayer\encrypted\sdk\public\steam\matchmakingtypes.h : warning C4819: The file contains a character that cannot be represented in the current code page (932). Save the file in Unicode format to prevent data loss
h:\ricky\unreal projects\3_steam_multiplayer\encrypted\sdk\public\steam\isteamuserstats.h : warning C4819: The file contains a character that cannot be represented in the current code page (932). Save the file in Unicode format to prevent data loss
h:\ricky\unreal projects\3_steam_multiplayer\encrypted\sdk\public\steam\isteamremotestorage.h : warning C4819: The file contains a character that cannot be represented in the current code page (932). Save the file in Unicode format to prevent data loss
h:\ricky\unreal projects\3_steam_multiplayer\encrypted\sdk\public\steam\isteamscreenshots.h : warning C4819: The file contains a character that cannot be represented in the current code page (932). Save the file in Unicode format to prevent data loss
h:\ricky\unreal projects\3_steam_multiplayer\encrypted\sdk\public\steam\isteamparentalsettings.h : warning C4819: The file contains a character that cannot be represented in the current code page (932). Save the file in Unicode format to prevent data loss
h:\ricky\unreal projects\3_steam_multiplayer\encrypted\sdk\steamworksexample\gameengine.h : warning C4819: The file contains a character that cannot be represented in the current code page (932). Save the file in Unicode format to prevent data loss
h:\ricky\unreal projects\3_steam_multiplayer\encrypted\sdk\steamworksexample\spacewarclient.h : warning C4819: The file contains a character that cannot be represented in the current code page (932). Save the file in Unicode format to prevent data loss
h:\ricky\unreal projects\3_steam_multiplayer\encrypted\sdk\steamworksexample\starfield.h : warning C4819: The file contains a character that cannot be represented in the current code page (932). Save the file in Unicode format to prevent data loss
  Main.cpp
h:\ricky\unreal projects\3_steam_multiplayer\encrypted\sdk\steamworksexample\main.cpp : warning C4819: The file contains a character that cannot be represented in the current code page (932). Save the file in Unicode format to prevent data loss
h:\ricky\unreal projects\3_steam_multiplayer\encrypted\sdk\steamworksexample\stdafx.h : warning C4819: The file contains a character that cannot be represented in the current code page (932). Save the file in Unicode format to prevent data loss
h:\ricky\unreal projects\3_steam_multiplayer\encrypted\sdk\public\steam\steamclientpublic.h : warning C4819: The file contains a character that cannot be represented in the current code page (932). Save the file in Unicode format to prevent data loss
h:\ricky\unreal projects\3_steam_multiplayer\encrypted\sdk\public\steam\steamuniverse.h : warning C4819: The file contains a character that cannot be represented in the current code page (932). Save the file in Unicode format to prevent data loss
h:\ricky\unreal projects\3_steam_multiplayer\encrypted\sdk\public\steam\isteamutils.h : warning C4819: The file contains a character that cannot be represented in the current code page (932). Save the file in Unicode format to prevent data loss
h:\ricky\unreal projects\3_steam_multiplayer\encrypted\sdk\public\steam\matchmakingtypes.h : warning C4819: The file contains a character that cannot be represented in the current code page (932). Save the file in Unicode format to prevent data loss
h:\ricky\unreal projects\3_steam_multiplayer\encrypted\sdk\public\steam\isteamuserstats.h : warning C4819: The file contains a character that cannot be represented in the current code page (932). Save the file in Unicode format to prevent data loss
h:\ricky\unreal projects\3_steam_multiplayer\encrypted\sdk\public\steam\isteamremotestorage.h : warning C4819: The file contains a character that cannot be represented in the current code page (932). Save the file in Unicode format to prevent data loss
h:\ricky\unreal projects\3_steam_multiplayer\encrypted\sdk\public\steam\isteamscreenshots.h : warning C4819: The file contains a character that cannot be represented in the current code page (932). Save the file in Unicode format to prevent data loss
h:\ricky\unreal projects\3_steam_multiplayer\encrypted\sdk\public\steam\isteamparentalsettings.h : warning C4819: The file contains a character that cannot be represented in the current code page (932). Save the file in Unicode format to prevent data loss
h:\ricky\unreal projects\3_steam_multiplayer\encrypted\sdk\steamworksexample\gameengine.h : warning C4819: The file contains a character that cannot be represented in the current code page (932). Save the file in Unicode format to prevent data loss
h:\ricky\unreal projects\3_steam_multiplayer\encrypted\sdk\steamworksexample\spacewarclient.h : warning C4819: The file contains a character that cannot be represented in the current code page (932). Save the file in Unicode format to prevent data loss
h:\ricky\unreal projects\3_steam_multiplayer\encrypted\sdk\steamworksexample\starfield.h : warning C4819: The file contains a character that cannot be represented in the current code page (932). Save the file in Unicode format to prevent data loss
  Lobby.cpp
h:\ricky\unreal projects\3_steam_multiplayer\encrypted\sdk\steamworksexample\stdafx.h : warning C4819: The file contains a character that cannot be represented in the current code page (932). Save the file in Unicode format to prevent data loss
h:\ricky\unreal projects\3_steam_multiplayer\encrypted\sdk\public\steam\steamclientpublic.h : warning C4819: The file contains a character that cannot be represented in the current code page (932). Save the file in Unicode format to prevent data loss
h:\ricky\unreal projects\3_steam_multiplayer\encrypted\sdk\public\steam\steamuniverse.h : warning C4819: The file contains a character that cannot be represented in the current code page (932). Save the file in Unicode format to prevent data loss
h:\ricky\unreal projects\3_steam_multiplayer\encrypted\sdk\public\steam\isteamutils.h : warning C4819: The file contains a character that cannot be represented in the current code page (932). Save the file in Unicode format to prevent data loss
h:\ricky\unreal projects\3_steam_multiplayer\encrypted\sdk\public\steam\matchmakingtypes.h : warning C4819: The file contains a character that cannot be represented in the current code page (932). Save the file in Unicode format to prevent data loss
h:\ricky\unreal projects\3_steam_multiplayer\encrypted\sdk\public\steam\isteamuserstats.h : warning C4819: The file contains a character that cannot be represented in the current code page (932). Save the file in Unicode format to prevent data loss
h:\ricky\unreal projects\3_steam_multiplayer\encrypted\sdk\public\steam\isteamremotestorage.h : warning C4819: The file contains a character that cannot be represented in the current code page (932). Save the file in Unicode format to prevent data loss
h:\ricky\unreal projects\3_steam_multiplayer\encrypted\sdk\public\steam\isteamscreenshots.h : warning C4819: The file contains a character that cannot be represented in the current code page (932). Save the file in Unicode format to prevent data loss
h:\ricky\unreal projects\3_steam_multiplayer\encrypted\sdk\public\steam\isteamparentalsettings.h : warning C4819: The file contains a character that cannot be represented in the current code page (932). Save the file in Unicode format to prevent data loss
h:\ricky\unreal projects\3_steam_multiplayer\encrypted\sdk\steamworksexample\gameengine.h : warning C4819: The file contains a character that cannot be represented in the current code page (932). Save the file in Unicode format to prevent data loss
h:\ricky\unreal projects\3_steam_multiplayer\encrypted\sdk\steamworksexample\spacewarclient.h : warning C4819: The file contains a character that cannot be represented in the current code page (932). Save the file in Unicode format to prevent data loss
h:\ricky\unreal projects\3_steam_multiplayer\encrypted\sdk\steamworksexample\starfield.h : warning C4819: The file contains a character that cannot be represented in the current code page (932). Save the file in Unicode format to prevent data loss
  Leaderboards.cpp
h:\ricky\unreal projects\3_steam_multiplayer\encrypted\sdk\steamworksexample\leaderboards.cpp : warning C4819: The file contains a character that cannot be represented in the current code page (932). Save the file in Unicode format to prevent data loss
h:\ricky\unreal projects\3_steam_multiplayer\encrypted\sdk\steamworksexample\stdafx.h : warning C4819: The file contains a character that cannot be represented in the current code page (932). Save the file in Unicode format to prevent data loss
h:\ricky\unreal projects\3_steam_multiplayer\encrypted\sdk\public\steam\steamclientpublic.h : warning C4819: The file contains a character that cannot be represented in the current code page (932). Save the file in Unicode format to prevent data loss
h:\ricky\unreal projects\3_steam_multiplayer\encrypted\sdk\public\steam\steamuniverse.h : warning C4819: The file contains a character that cannot be represented in the current code page (932). Save the file in Unicode format to prevent data loss
h:\ricky\unreal projects\3_steam_multiplayer\encrypted\sdk\public\steam\isteamutils.h : warning C4819: The file contains a character that cannot be represented in the current code page (932). Save the file in Unicode format to prevent data loss
h:\ricky\unreal projects\3_steam_multiplayer\encrypted\sdk\public\steam\matchmakingtypes.h : warning C4819: The file contains a character that cannot be represented in the current code page (932). Save the file in Unicode format to prevent data loss
h:\ricky\unreal projects\3_steam_multiplayer\encrypted\sdk\public\steam\isteamuserstats.h : warning C4819: The file contains a character that cannot be represented in the current code page (932). Save the file in Unicode format to prevent data loss
h:\ricky\unreal projects\3_steam_multiplayer\encrypted\sdk\public\steam\isteamremotestorage.h : warning C4819: The file contains a character that cannot be represented in the current code page (932). Save the file in Unicode format to prevent data loss
h:\ricky\unreal projects\3_steam_multiplayer\encrypted\sdk\public\steam\isteamscreenshots.h : warning C4819: The file contains a character that cannot be represented in the current code page (932). Save the file in Unicode format to prevent data loss
h:\ricky\unreal projects\3_steam_multiplayer\encrypted\sdk\public\steam\isteamparentalsettings.h : warning C4819: The file contains a character that cannot be represented in the current code page (932). Save the file in Unicode format to prevent data loss
h:\ricky\unreal projects\3_steam_multiplayer\encrypted\sdk\steamworksexample\gameengine.h : warning C4819: The file contains a character that cannot be represented in the current code page (932). Save the file in Unicode format to prevent data loss
h:\ricky\unreal projects\3_steam_multiplayer\encrypted\sdk\steamworksexample\spacewarclient.h : warning C4819: The file contains a character that cannot be represented in the current code page (932). Save the file in Unicode format to prevent data loss
h:\ricky\unreal projects\3_steam_multiplayer\encrypted\sdk\steamworksexample\starfield.h : warning C4819: The file contains a character that cannot be represented in the current code page (932). Save the file in Unicode format to prevent data loss
  Inventory.cpp
h:\ricky\unreal projects\3_steam_multiplayer\encrypted\sdk\steamworksexample\stdafx.h : warning C4819: The file contains a character that cannot be represented in the current code page (932). Save the file in Unicode format to prevent data loss
h:\ricky\unreal projects\3_steam_multiplayer\encrypted\sdk\public\steam\steamclientpublic.h : warning C4819: The file contains a character that cannot be represented in the current code page (932). Save the file in Unicode format to prevent data loss
h:\ricky\unreal projects\3_steam_multiplayer\encrypted\sdk\public\steam\steamuniverse.h : warning C4819: The file contains a character that cannot be represented in the current code page (932). Save the file in Unicode format to prevent data loss
h:\ricky\unreal projects\3_steam_multiplayer\encrypted\sdk\public\steam\isteamutils.h : warning C4819: The file contains a character that cannot be represented in the current code page (932). Save the file in Unicode format to prevent data loss
h:\ricky\unreal projects\3_steam_multiplayer\encrypted\sdk\public\steam\matchmakingtypes.h : warning C4819: The file contains a character that cannot be represented in the current code page (932). Save the file in Unicode format to prevent data loss
h:\ricky\unreal projects\3_steam_multiplayer\encrypted\sdk\public\steam\isteamuserstats.h : warning C4819: The file contains a character that cannot be represented in the current code page (932). Save the file in Unicode format to prevent data loss
h:\ricky\unreal projects\3_steam_multiplayer\encrypted\sdk\public\steam\isteamremotestorage.h : warning C4819: The file contains a character that cannot be represented in the current code page (932). Save the file in Unicode format to prevent data loss
h:\ricky\unreal projects\3_steam_multiplayer\encrypted\sdk\public\steam\isteamscreenshots.h : warning C4819: The file contains a character that cannot be represented in the current code page (932). Save the file in Unicode format to prevent data loss
h:\ricky\unreal projects\3_steam_multiplayer\encrypted\sdk\public\steam\isteamparentalsettings.h : warning C4819: The file contains a character that cannot be represented in the current code page (932). Save the file in Unicode format to prevent data loss
h:\ricky\unreal projects\3_steam_multiplayer\encrypted\sdk\steamworksexample\gameengine.h : warning C4819: The file contains a character that cannot be represented in the current code page (932). Save the file in Unicode format to prevent data loss
h:\ricky\unreal projects\3_steam_multiplayer\encrypted\sdk\steamworksexample\spacewarclient.h : warning C4819: The file contains a character that cannot be represented in the current code page (932). Save the file in Unicode format to prevent data loss
h:\ricky\unreal projects\3_steam_multiplayer\encrypted\sdk\steamworksexample\starfield.h : warning C4819: The file contains a character that cannot be represented in the current code page (932). Save the file in Unicode format to prevent data loss
  Friends.cpp
h:\ricky\unreal projects\3_steam_multiplayer\encrypted\sdk\steamworksexample\friends.cpp : warning C4819: The file contains a character that cannot be represented in the current code page (932). Save the file in Unicode format to prevent data loss
h:\ricky\unreal projects\3_steam_multiplayer\encrypted\sdk\steamworksexample\stdafx.h : warning C4819: The file contains a character that cannot be represented in the current code page (932). Save the file in Unicode format to prevent data loss
h:\ricky\unreal projects\3_steam_multiplayer\encrypted\sdk\public\steam\steamclientpublic.h : warning C4819: The file contains a character that cannot be represented in the current code page (932). Save the file in Unicode format to prevent data loss
h:\ricky\unreal projects\3_steam_multiplayer\encrypted\sdk\public\steam\steamuniverse.h : warning C4819: The file contains a character that cannot be represented in the current code page (932). Save the file in Unicode format to prevent data loss
h:\ricky\unreal projects\3_steam_multiplayer\encrypted\sdk\public\steam\isteamutils.h : warning C4819: The file contains a character that cannot be represented in the current code page (932). Save the file in Unicode format to prevent data loss
h:\ricky\unreal projects\3_steam_multiplayer\encrypted\sdk\public\steam\matchmakingtypes.h : warning C4819: The file contains a character that cannot be represented in the current code page (932). Save the file in Unicode format to prevent data loss
h:\ricky\unreal projects\3_steam_multiplayer\encrypted\sdk\public\steam\isteamuserstats.h : warning C4819: The file contains a character that cannot be represented in the current code page (932). Save the file in Unicode format to prevent data loss
h:\ricky\unreal projects\3_steam_multiplayer\encrypted\sdk\public\steam\isteamremotestorage.h : warning C4819: The file contains a character that cannot be represented in the current code page (932). Save the file in Unicode format to prevent data loss
h:\ricky\unreal projects\3_steam_multiplayer\encrypted\sdk\public\steam\isteamscreenshots.h : warning C4819: The file contains a character that cannot be represented in the current code page (932). Save the file in Unicode format to prevent data loss
h:\ricky\unreal projects\3_steam_multiplayer\encrypted\sdk\public\steam\isteamparentalsettings.h : warning C4819: The file contains a character that cannot be represented in the current code page (932). Save the file in Unicode format to prevent data loss
h:\ricky\unreal projects\3_steam_multiplayer\encrypted\sdk\steamworksexample\gameengine.h : warning C4819: The file contains a character that cannot be represented in the current code page (932). Save the file in Unicode format to prevent data loss
h:\ricky\unreal projects\3_steam_multiplayer\encrypted\sdk\steamworksexample\spacewarclient.h : warning C4819: The file contains a character that cannot be represented in the current code page (932). Save the file in Unicode format to prevent data loss
h:\ricky\unreal projects\3_steam_multiplayer\encrypted\sdk\steamworksexample\starfield.h : warning C4819: The file contains a character that cannot be represented in the current code page (932). Save the file in Unicode format to prevent data loss
  BaseMenu.cpp
h:\ricky\unreal projects\3_steam_multiplayer\encrypted\sdk\steamworksexample\stdafx.h : warning C4819: The file contains a character that cannot be represented in the current code page (932). Save the file in Unicode format to prevent data loss
h:\ricky\unreal projects\3_steam_multiplayer\encrypted\sdk\public\steam\steamclientpublic.h : warning C4819: The file contains a character that cannot be represented in the current code page (932). Save the file in Unicode format to prevent data loss
h:\ricky\unreal projects\3_steam_multiplayer\encrypted\sdk\public\steam\steamuniverse.h : warning C4819: The file contains a character that cannot be represented in the current code page (932). Save the file in Unicode format to prevent data loss
h:\ricky\unreal projects\3_steam_multiplayer\encrypted\sdk\public\steam\isteamutils.h : warning C4819: The file contains a character that cannot be represented in the current code page (932). Save the file in Unicode format to prevent data loss
h:\ricky\unreal projects\3_steam_multiplayer\encrypted\sdk\public\steam\matchmakingtypes.h : warning C4819: The file contains a character that cannot be represented in the current code page (932). Save the file in Unicode format to prevent data loss
h:\ricky\unreal projects\3_steam_multiplayer\encrypted\sdk\public\steam\isteamuserstats.h : warning C4819: The file contains a character that cannot be represented in the current code page (932). Save the file in Unicode format to prevent data loss
h:\ricky\unreal projects\3_steam_multiplayer\encrypted\sdk\public\steam\isteamremotestorage.h : warning C4819: The file contains a character that cannot be represented in the current code page (932). Save the file in Unicode format to prevent data loss
h:\ricky\unreal projects\3_steam_multiplayer\encrypted\sdk\public\steam\isteamscreenshots.h : warning C4819: The file contains a character that cannot be represented in the current code page (932). Save the file in Unicode format to prevent data loss
h:\ricky\unreal projects\3_steam_multiplayer\encrypted\sdk\public\steam\isteamparentalsettings.h : warning C4819: The file contains a character that cannot be represented in the current code page (932). Save the file in Unicode format to prevent data loss
h:\ricky\unreal projects\3_steam_multiplayer\encrypted\sdk\steamworksexample\gameengine.h : warning C4819: The file contains a character that cannot be represented in the current code page (932). Save the file in Unicode format to prevent data loss
h:\ricky\unreal projects\3_steam_multiplayer\encrypted\sdk\steamworksexample\spacewarclient.h : warning C4819: The file contains a character that cannot be represented in the current code page (932). Save the file in Unicode format to prevent data loss
h:\ricky\unreal projects\3_steam_multiplayer\encrypted\sdk\steamworksexample\starfield.h : warning C4819: The file contains a character that cannot be represented in the current code page (932). Save the file in Unicode format to prevent data loss
  Generating Code...
BaseMenu.obj : warning LNK4075: ignoring '/EDITANDCONTINUE' due to '/SAFESEH' specification
  SteamworksExample.vcxproj -> H:\Ricky\Unreal Projects\3_Steam_Multiplayer\Encrypted\sdk\steamworksexample\.\Debug\SteamworksExample.exe
          1 file(s) copied.
          1 file(s) copied.
